2025-01-30 10:36:37,363 : WARN  : ModalContext :  : Node : Partitioning : 9:4 : No sampling method selected
2025-01-30 10:36:37,365 : WARN  : ModalContext :  : Node : Partitioning : 9:4 : No sampling method selected
2025-01-30 12:19:38,078 : WARN  : comm-pool-thread-30 :  : WorkflowManager :  :  : Unable to merge flow object stacks: Conflicting FlowObjects: <Restored Loop Context (Head 7:4, Tail unassigned)> - iteration 0 vs. <Loop Context (Head 7:3, Tail unassigned)> - iteration 0 (loops/scopes not properly nested?)
org.knime.core.node.workflow.IllegalFlowObjectStackException: Conflicting FlowObjects: <Restored Loop Context (Head 7:4, Tail unassigned)> - iteration 0 vs. <Loop Context (Head 7:3, Tail unassigned)> - iteration 0 (loops/scopes not properly nested?)
	at org.knime.core.node.workflow.FlowObjectStack.merge(FlowObjectStack.java:249)
	at org.knime.core.node.workflow.FlowObjectStack.<init>(FlowObjectStack.java:191)
	at org.knime.core.node.workflow.FlowObjectStack.<init>(FlowObjectStack.java:161)
	at org.knime.core.node.workflow.WorkflowManager.createAndSetFlowObjectStackFor(WorkflowManager.java:6887)
	at org.knime.core.node.workflow.WorkflowManager.configureSingleNodeContainer(WorkflowManager.java:6768)
	at org.knime.core.node.workflow.WorkflowManager.configureNodeAndPortSuccessors(WorkflowManager.java:7011)
	at org.knime.core.node.workflow.WorkflowManager.configureNodeAndSuccessors(WorkflowManager.java:6944)
	at org.knime.core.node.workflow.WorkflowManager.resetAndConfigureNodeAndSuccessors(WorkflowManager.java:5542)
	at org.knime.core.node.workflow.WorkflowManager.resetAndConfigureNode(WorkflowManager.java:5447)
	at org.knime.core.node.workflow.WorkflowManager.addConnection(WorkflowManager.java:1431)
	at org.knime.core.node.workflow.WorkflowManager.addConnection(WorkflowManager.java:1347)
	at org.knime.gateway.impl.webui.service.commands.util.NodeConnector.connect(NodeConnector.java:264)
	at org.knime.gateway.impl.webui.service.commands.Connect.executeWithLockedWorkflow(Connect.java:94)
	at org.knime.gateway.impl.webui.service.commands.AbstractWorkflowCommand.execute(AbstractWorkflowCommand.java:76)
	at org.knime.gateway.impl.webui.service.commands.WorkflowCommands.executeCommandAndModifyCommandStacks(WorkflowCommands.java:289)
	at org.knime.gateway.impl.webui.service.commands.WorkflowCommands.execute(WorkflowCommands.java:177)
	at org.knime.gateway.impl.webui.service.DefaultWorkflowService.executeWorkflowCommand(DefaultWorkflowService.java:167)
	at org.knime.gateway.impl.webui.jsonrpc.service.JsonRpcWorkflowServiceWrapper.executeWorkflowCommand(JsonRpcWorkflowServiceWrapper.java:92)
	at java.base/jdk.internal.reflect.NativeMethodAccessorImpl.invoke0(Native Method)
	at java.base/jdk.internal.reflect.NativeMethodAccessorImpl.invoke(Unknown Source)
	at java.base/jdk.internal.reflect.DelegatingMethodAccessorImpl.invoke(Unknown Source)
	at java.base/java.lang.reflect.Method.invoke(Unknown Source)
	at com.googlecode.jsonrpc4j.JsonRpcBasicServer.invoke(JsonRpcBasicServer.java:478)
	at com.googlecode.jsonrpc4j.JsonRpcBasicServer.handleObject(JsonRpcBasicServer.java:349)
	at com.googlecode.jsonrpc4j.JsonRpcBasicServer.handleJsonNodeRequest(JsonRpcBasicServer.java:274)
	at com.googlecode.jsonrpc4j.JsonRpcBasicServer.handleRequest(JsonRpcBasicServer.java:242)
	at org.knime.gateway.impl.jsonrpc.JsonRpcRequestHandler.handle(JsonRpcRequestHandler.java:104)
	at org.knime.ui.java.browser.lifecycle.Init.lambda$11(Init.java:296)
	at com.equo.comm.common.MessageHandler.processReceivedEventMessage(MessageHandler.java:131)
	at com.equo.comm.ee.provider.service.ChromiumService.receiveMessage(ChromiumService.java:98)
	at com.equo.comm.ee.provider.CommunicationManagerChromiumImpl.receiveMessage(CommunicationManagerChromiumImpl.java:48)
	at com.equo.chromium.swt.internal.spi.CommRouterHandler.handleRequest(CommRouterHandler.java:33)
	at com.equo.chromium.swt.internal.spi.CommRouterHandler.lambda$1(CommRouterHandler.java:51)
	at java.base/java.util.concurrent.ThreadPoolExecutor.runWorker(Unknown Source)
	at java.base/java.util.concurrent.ThreadPoolExecutor$Worker.run(Unknown Source)
	at java.base/java.lang.Thread.run(Unknown Source)
2025-01-30 12:19:45,477 : ERROR : main :  : KnimeBrowserView :  :  : %cerror%c Error making RPC call 
      background: #c0392b;
      border-radius: 0.5em;
      color: white;
      font-weight: bold;
      padding: 2px 0.5em;
      Error: No such node ID: 7:3 valid [7:1, 7:2, 7:4, 7:7, 7:9, 7:10, 7:11, 7:13, 7:14, 7:15, 7:16, 7:17, 7:18, 7:19] (source: http://org.knime.ui.java/assets/index-PyhZB-uQ.js; line: 64)
2025-01-30 12:19:45,479 : ERROR : main :  : KnimeBrowserView :  :  : Uncaught (in promise) Error: No such node ID: 7:3 valid [7:1, 7:2, 7:4, 7:7, 7:9, 7:10, 7:11, 7:13, 7:14, 7:15, 7:16, 7:17, 7:18, 7:19] (source: http://org.knime.ui.java/assets/index-PyhZB-uQ.js; line: 22)
2025-01-30 18:32:15,538 : WARN  : comm-pool-thread-12 :  : Node : SMOTE : 6:10 : No configuration available
2025-01-30 18:34:01,326 : WARN  : comm-pool-thread-13 :  : Node : Random Forest Learner (Regression) : 6:10 : No configuration available
2025-01-30 18:57:08,479 : ERROR : main :  : KnimeBrowserView :  :  : %cerror%c Error making RPC call 
      background: #c0392b;
      border-radius: 0.5em;
      color: white;
      font-weight: bold;
      padding: 2px 0.5em;
      Error: No such node ID: 6:11 valid [6:1, 6:2, 6:3, 6:4, 6:5, 6:6, 6:7, 6:8, 6:9, 6:10] (source: http://org.knime.ui.java/assets/index-PyhZB-uQ.js; line: 64)
2025-01-30 18:57:08,480 : ERROR : main :  : KnimeBrowserView :  :  : Uncaught (in promise) Error: No such node ID: 6:11 valid [6:1, 6:2, 6:3, 6:4, 6:5, 6:6, 6:7, 6:8, 6:9, 6:10] (source: http://org.knime.ui.java/assets/index-PyhZB-uQ.js; line: 22)
2025-01-30 18:57:28,908 : WARN  : comm-pool-thread-19 :  : Node : Time Difference (legacy) : 6:11 : Input must contain at least one date/time columns!
2025-01-30 19:00:43,409 : ERROR : main :  : KnimeBrowserView :  :  : %cerror%c Error making RPC call 
      background: #c0392b;
      border-radius: 0.5em;
      color: white;
      font-weight: bold;
      padding: 2px 0.5em;
      Error: No such node ID: 6:11 valid [6:1, 6:2, 6:3, 6:4, 6:5, 6:6, 6:7, 6:8, 6:9, 6:10] (source: http://org.knime.ui.java/assets/index-PyhZB-uQ.js; line: 64)
2025-01-30 19:00:43,411 : ERROR : main :  : KnimeBrowserView :  :  : Uncaught (in promise) Error: No such node ID: 6:11 valid [6:1, 6:2, 6:3, 6:4, 6:5, 6:6, 6:7, 6:8, 6:9, 6:10] (source: http://org.knime.ui.java/assets/index-PyhZB-uQ.js; line: 22)
2025-01-30 19:01:15,243 : WARN  : comm-pool-thread-21 :  : Node : X-Aggregator : 3:9 : No such column: Type
2025-01-30 19:01:30,517 : ERROR : main :  : KnimeBrowserView :  :  : %cerror%c Error making RPC call 
      background: #c0392b;
      border-radius: 0.5em;
      color: white;
      font-weight: bold;
      padding: 2px 0.5em;
      Error: No such node ID: 3:21 valid [3:1, 3:2, 3:3, 3:4, 3:7, 3:9, 3:10, 3:11, 3:13, 3:14, 3:15, 3:16, 3:17, 3:18, 3:19, 3:20] (source: http://org.knime.ui.java/assets/index-PyhZB-uQ.js; line: 64)
2025-01-30 19:01:30,518 : ERROR : main :  : KnimeBrowserView :  :  : Uncaught (in promise) Error: No such node ID: 3:21 valid [3:1, 3:2, 3:3, 3:4, 3:7, 3:9, 3:10, 3:11, 3:13, 3:14, 3:15, 3:16, 3:17, 3:18, 3:19, 3:20] (source: http://org.knime.ui.java/assets/index-PyhZB-uQ.js; line: 22)
2025-01-30 19:03:29,896 : ERROR : main :  : KnimeBrowserView :  :  : %cerror%c Error making RPC call 
      background: #c0392b;
      border-radius: 0.5em;
      color: white;
      font-weight: bold;
      padding: 2px 0.5em;
      Error: No such node ID: 4:6 valid [4:1, 4:2, 4:3, 4:4, 4:5] (source: http://org.knime.ui.java/assets/index-PyhZB-uQ.js; line: 64)
2025-01-30 19:03:29,897 : ERROR : main :  : KnimeBrowserView :  :  : Uncaught (in promise) Error: No such node ID: 4:6 valid [4:1, 4:2, 4:3, 4:4, 4:5] (source: http://org.knime.ui.java/assets/index-PyhZB-uQ.js; line: 22)
2025-01-30 19:04:16,251 : WARN  : comm-pool-thread-22 :  : Node : X-Aggregator : 3:9 : No such column: Type
2025-01-30 19:06:15,462 : ERROR : KNIME-Worker-3-X-Aggregator 3:9 :  : Node : X-Aggregator : 3:9 : Execute failed: Encountered duplicate row ID "Node 1"
org.knime.core.util.DuplicateKeyException: Encountered duplicate row ID "Node 1"
	at org.knime.core.data.container.BufferedDataContainerDelegate.checkAsyncWriteThrowable(BufferedDataContainerDelegate.java:389)
	at org.knime.core.data.container.BufferedDataContainerDelegate.flushRows(BufferedDataContainerDelegate.java:449)
	at org.knime.core.data.container.DataContainer.flushRows(DataContainer.java:274)
	at org.knime.base.node.meta.xvalidation.AggregateOutputNodeModel.flushRows(AggregateOutputNodeModel.java:360)
	at org.knime.core.node.Node.execute(Node.java:1052)
	at org.knime.core.node.workflow.NativeNodeContainer.performExecuteNode(NativeNodeContainer.java:594)
	at org.knime.core.node.exec.LocalNodeExecutionJob.mainExecute(LocalNodeExecutionJob.java:98)
	at org.knime.core.node.workflow.NodeExecutionJob.internalRun(NodeExecutionJob.java:198)
	at org.knime.core.node.workflow.NodeExecutionJob.run(NodeExecutionJob.java:117)
	at org.knime.core.util.ThreadUtils$RunnableWithContextImpl.runWithContext(ThreadUtils.java:367)
	at org.knime.core.util.ThreadUtils$RunnableWithContext.run(ThreadUtils.java:221)
	at java.base/java.util.concurrent.Executors$RunnableAdapter.call(Unknown Source)
	at java.base/java.util.concurrent.FutureTask.run(Unknown Source)
	at org.knime.core.util.ThreadPool$MyFuture.run(ThreadPool.java:123)
	at org.knime.core.util.ThreadPool$Worker.run(ThreadPool.java:246)
Caused by: org.knime.core.util.DuplicateKeyException: Encountered duplicate row ID "Node 1"
	at org.knime.core.data.container.BufferedDataContainerDelegate.addRowKeyForDuplicateCheck(BufferedDataContainerDelegate.java:728)
	at org.knime.core.data.container.BufferedDataContainerDelegate$ContainerRunnable.run(BufferedDataContainerDelegate.java:791)
	at java.base/java.util.concurrent.ThreadPoolExecutor.runWorker(Unknown Source)
	at java.base/java.util.concurrent.ThreadPoolExecutor$Worker.run(Unknown Source)
	at java.base/java.lang.Thread.run(Unknown Source)
2025-01-30 19:06:19,270 : ERROR : KNIME-Worker-2-X-Aggregator 3:9 :  : Node : X-Aggregator : 3:9 : Execute failed: Loop Head claims this is NOT the first iteration but the tail believes it is?!
java.lang.Exception: Loop Head claims this is NOT the first iteration but the tail believes it is?!
	at org.knime.base.node.meta.xvalidation.AggregateOutputNodeModel.execute(AggregateOutputNodeModel.java:234)
	at org.knime.core.node.NodeModel.execute(NodeModel.java:812)
	at org.knime.core.node.NodeModel.executeModel(NodeModel.java:588)
	at org.knime.core.node.Node.invokeFullyNodeModelExecute(Node.java:1286)
	at org.knime.core.node.Node.execute(Node.java:1049)
	at org.knime.core.node.workflow.NativeNodeContainer.performExecuteNode(NativeNodeContainer.java:594)
	at org.knime.core.node.exec.LocalNodeExecutionJob.mainExecute(LocalNodeExecutionJob.java:98)
	at org.knime.core.node.workflow.NodeExecutionJob.internalRun(NodeExecutionJob.java:198)
	at org.knime.core.node.workflow.NodeExecutionJob.run(NodeExecutionJob.java:117)
	at org.knime.core.util.ThreadUtils$RunnableWithContextImpl.runWithContext(ThreadUtils.java:367)
	at org.knime.core.util.ThreadUtils$RunnableWithContext.run(ThreadUtils.java:221)
	at java.base/java.util.concurrent.Executors$RunnableAdapter.call(Unknown Source)
	at java.base/java.util.concurrent.FutureTask.run(Unknown Source)
	at org.knime.core.util.ThreadPool$MyFuture.run(ThreadPool.java:123)
	at org.knime.core.util.ThreadPool$Worker.run(ThreadPool.java:246)
2025-01-30 19:06:29,847 : ERROR : main :  : KnimeBrowserView :  :  : %cerror%c Error making RPC call 
      background: #c0392b;
      border-radius: 0.5em;
      color: white;
      font-weight: bold;
      padding: 2px 0.5em;
      Error: No such node ID: 3:21 valid [3:1, 3:2, 3:3, 3:4, 3:7, 3:9, 3:10, 3:11, 3:13, 3:14, 3:15, 3:16, 3:17, 3:18, 3:19, 3:20] (source: http://org.knime.ui.java/assets/index-PyhZB-uQ.js; line: 64)
2025-01-30 19:06:29,849 : ERROR : main :  : KnimeBrowserView :  :  : Uncaught (in promise) Error: No such node ID: 3:21 valid [3:1, 3:2, 3:3, 3:4, 3:7, 3:9, 3:10, 3:11, 3:13, 3:14, 3:15, 3:16, 3:17, 3:18, 3:19, 3:20] (source: http://org.knime.ui.java/assets/index-PyhZB-uQ.js; line: 22)
2025-01-30 19:06:32,096 : WARN  : comm-pool-thread-24 :  : Node : X-Aggregator : 3:9 : No such column: Name
2025-01-30 19:06:42,660 : WARN  : KNIME-Worker-2-Auto-Binner 3:20 :  : NodeContainer : Auto-Binner : 3:20 : Can't continue loop as the workflow was restored with the loop being partially executed. Reset loop start and execute entire loop again.
org.knime.core.node.workflow.IllegalFlowObjectStackException: Can't continue loop as the workflow was restored with the loop being partially executed. Reset loop start and execute entire loop again.
	at org.knime.core.node.workflow.WorkflowManager.doBeforeExecution(WorkflowManager.java:3460)
	at org.knime.core.node.workflow.NodeContainer.notifyParentExecuteStart(NodeContainer.java:660)
	at org.knime.core.node.workflow.NodeExecutionJob.internalRun(NodeExecutionJob.java:168)
	at org.knime.core.node.workflow.NodeExecutionJob.run(NodeExecutionJob.java:117)
	at org.knime.core.util.ThreadUtils$RunnableWithContextImpl.runWithContext(ThreadUtils.java:367)
	at org.knime.core.util.ThreadUtils$RunnableWithContext.run(ThreadUtils.java:221)
	at java.base/java.util.concurrent.Executors$RunnableAdapter.call(Unknown Source)
	at java.base/java.util.concurrent.FutureTask.run(Unknown Source)
	at org.knime.core.util.ThreadPool$MyFuture.run(ThreadPool.java:123)
	at org.knime.core.util.ThreadPool$Worker.run(ThreadPool.java:246)
2025-01-30 19:10:01,609 : WARN  : comm-pool-thread-27 :  : Node : File Reader : 7:1 : Please specify a file
2025-01-30 19:20:25,014 : ERROR : main :  : KnimeBrowserView :  :  : %cerror%c Error making RPC call 
      background: #c0392b;
      border-radius: 0.5em;
      color: white;
      font-weight: bold;
      padding: 2px 0.5em;
      Error: No such node ID: 3:21 valid [3:1, 3:2, 3:3, 3:4, 3:7, 3:9, 3:10, 3:11, 3:13, 3:14, 3:15, 3:16, 3:17, 3:18, 3:19, 3:20] (source: http://org.knime.ui.java/assets/index-PyhZB-uQ.js; line: 64)
2025-01-30 19:20:25,025 : ERROR : main :  : KnimeBrowserView :  :  : Uncaught (in promise) Error: No such node ID: 3:21 valid [3:1, 3:2, 3:3, 3:4, 3:7, 3:9, 3:10, 3:11, 3:13, 3:14, 3:15, 3:16, 3:17, 3:18, 3:19, 3:20] (source: http://org.knime.ui.java/assets/index-PyhZB-uQ.js; line: 22)
2025-01-30 19:24:01,343 : ERROR : main :  : KnimeBrowserView :  :  : TypeError: Cannot destructure property 'scrollTop' of 't' as it is null. (source: http://org.knime.ui.java/assets/index-PyhZB-uQ.js; line: 14)
2025-01-30 19:53:01,262 : WARN  : comm-pool-thread-37 :  : Node : File Reader : 8:1 : Please specify a file
2025-02-03 10:56:52,569 : WARN  : ModalContext :  : Node : File Reader : 3:1 : Please specify a file
2025-02-03 10:56:52,575 : WARN  : ModalContext :  : Node : File Reader : 3:1 : Please specify a file
2025-02-03 10:56:58,100 : WARN  : ModalContext :  : Node : File Reader : 4:1 : Please specify a file
2025-02-03 10:56:58,104 : WARN  : ModalContext :  : Node : File Reader : 4:1 : Please specify a file
2025-02-03 11:04:25,508 : WARN  : comm-pool-thread-5 :  : Node : File Reader : 6:1 : Please specify a file
2025-02-03 11:06:21,778 : WARN  : ModalContext :  : Node : Auto-Binner : 8:20 : Can't continue loop as the workflow was restored with the loop being partially executed. Reset loop start and execute entire loop again.
2025-02-03 11:35:08,315 : ERROR : main :  : KnimeBrowserView :  :  : %cerror%c Error making RPC call 
      background: #c0392b;
      border-radius: 0.5em;
      color: white;
      font-weight: bold;
      padding: 2px 0.5em;
      Error: No such node ID: 5:8 valid [5:1, 5:2, 5:3, 5:4, 5:5, 5:6, 5:7] (source: http://org.knime.ui.java/assets/index-PyhZB-uQ.js; line: 64)
2025-02-03 11:35:08,315 : ERROR : main :  : KnimeBrowserView :  :  : Uncaught (in promise) Error: No such node ID: 5:8 valid [5:1, 5:2, 5:3, 5:4, 5:5, 5:6, 5:7] (source: http://org.knime.ui.java/assets/index-PyhZB-uQ.js; line: 22)
2025-02-03 12:05:29,745 : WARN  : comm-pool-thread-19 :  : Node : File Reader : 10:1 : Please specify a file
2025-02-03 12:05:31,126 : WARN  : comm-pool-thread-19 :  : Node : File Reader : 10:2 : Please specify a file
2025-02-03 13:34:26,949 : ERROR : main :  : KnimeBrowserView :  :  : %cerror%c Error making RPC call 
      background: #c0392b;
      border-radius: 0.5em;
      color: white;
      font-weight: bold;
      padding: 2px 0.5em;
      Error: No such node ID: 8:20 valid [8:1, 8:2, 8:3, 8:4, 8:7, 8:9, 8:10, 8:11, 8:13, 8:14, 8:15, 8:16, 8:17, 8:18, 8:19] (source: http://org.knime.ui.java/assets/index-PyhZB-uQ.js; line: 64)
2025-02-03 13:34:26,950 : ERROR : main :  : KnimeBrowserView :  :  : Uncaught (in promise) Error: No such node ID: 8:20 valid [8:1, 8:2, 8:3, 8:4, 8:7, 8:9, 8:10, 8:11, 8:13, 8:14, 8:15, 8:16, 8:17, 8:18, 8:19] (source: http://org.knime.ui.java/assets/index-PyhZB-uQ.js; line: 22)
2025-02-07 12:37:45,376 : WARN  : ModalContext :  : Node : File Reader : 3:2 : Please specify a file
2025-02-07 12:37:45,379 : WARN  : ModalContext :  : Node : File Reader : 3:2 : Please specify a file
2025-02-07 12:40:31,680 : WARN  : ModalContext :  : Node : File Reader : 5:1 : Please specify a file
2025-02-07 12:40:31,681 : WARN  : ModalContext :  : Node : File Reader : 5:1 : Please specify a file
2025-02-07 13:02:23,314 : WARN  : comm-pool-thread-12 :  : Node : Decision Tree Learner : 5:6 : Guessing target column: "class".
2025-02-07 13:02:23,317 : WARN  : comm-pool-thread-12 :  : Node : X-Aggregator : 5:8 : Selected columns 'Prediction (class)' and 'class' as prediction and target columns
2025-02-07 13:02:23,317 : WARN  : comm-pool-thread-12 :  : Node : Scorer : 5:9 : No columns selected yet.
2025-02-07 13:02:27,796 : WARN  : KNIME-Worker-20-Decision Tree Predictor 5:7 :  : Node : Scorer : 5:9 : No columns selected yet.
2025-02-07 13:02:27,962 : WARN  : KNIME-Worker-12-X-Partitioner 5:5 :  : Node : Scorer : 5:9 : No columns selected yet.
2025-02-07 13:02:35,198 : WARN  : comm-pool-thread-12 :  : JsonRpcErrorResolver :  :  : An unexpected json rpc error occurred
java.lang.NullPointerException: Cannot invoke "org.knime.core.node.BufferedDataTable.getBufferedTableId()" because "table" is null
	at org.knime.gateway.impl.node.port.TablePortViewFactory.createPortView(TablePortViewFactory.java:89)
	at org.knime.gateway.impl.node.port.TablePortViewFactory.createPortView(TablePortViewFactory.java:1)
	at org.knime.core.webui.node.port.PortViewManager.getPortView(PortViewManager.java:222)
	at org.knime.core.webui.node.port.PortViewManager.lambda$1(PortViewManager.java:89)
	at org.knime.core.webui.node.DataServiceManager.lambda$8(DataServiceManager.java:203)
	at org.knime.core.webui.node.NodePortWrapper$1.getWithContext(NodePortWrapper.java:119)
	at org.knime.core.webui.node.DataServiceManager.getOrCreateDataService(DataServiceManager.java:203)
	at org.knime.core.webui.node.DataServiceManager.getRpcDataService(DataServiceManager.java:169)
	at org.knime.core.webui.node.DataServiceManager.callRpcDataService(DataServiceManager.java:160)
	at org.knime.gateway.impl.webui.service.DefaultPortService.callPortDataService(DefaultPortService.java:156)
	at org.knime.gateway.impl.webui.jsonrpc.service.JsonRpcPortServiceWrapper.callPortDataService(JsonRpcPortServiceWrapper.java:85)
	at java.base/jdk.internal.reflect.NativeMethodAccessorImpl.invoke0(Native Method)
	at java.base/jdk.internal.reflect.NativeMethodAccessorImpl.invoke(Unknown Source)
	at java.base/jdk.internal.reflect.DelegatingMethodAccessorImpl.invoke(Unknown Source)
	at java.base/java.lang.reflect.Method.invoke(Unknown Source)
	at com.googlecode.jsonrpc4j.JsonRpcBasicServer.invoke(JsonRpcBasicServer.java:478)
	at com.googlecode.jsonrpc4j.JsonRpcBasicServer.handleObject(JsonRpcBasicServer.java:349)
	at com.googlecode.jsonrpc4j.JsonRpcBasicServer.handleJsonNodeRequest(JsonRpcBasicServer.java:274)
	at com.googlecode.jsonrpc4j.JsonRpcBasicServer.handleRequest(JsonRpcBasicServer.java:242)
	at org.knime.gateway.impl.jsonrpc.JsonRpcRequestHandler.handle(JsonRpcRequestHandler.java:104)
	at org.knime.ui.java.browser.lifecycle.Init.lambda$11(Init.java:296)
	at com.equo.comm.common.MessageHandler.processReceivedEventMessage(MessageHandler.java:131)
	at com.equo.comm.ee.provider.service.ChromiumService.receiveMessage(ChromiumService.java:98)
	at com.equo.comm.ee.provider.CommunicationManagerChromiumImpl.receiveMessage(CommunicationManagerChromiumImpl.java:48)
	at com.equo.chromium.swt.internal.spi.CommRouterHandler.handleRequest(CommRouterHandler.java:33)
	at com.equo.chromium.swt.internal.spi.CommRouterHandler.lambda$1(CommRouterHandler.java:51)
	at java.base/java.util.concurrent.ThreadPoolExecutor.runWorker(Unknown Source)
	at java.base/java.util.concurrent.ThreadPoolExecutor$Worker.run(Unknown Source)
	at java.base/java.lang.Thread.run(Unknown Source)
2025-02-07 13:02:35,207 : ERROR : main :  : KnimeBrowserView :  :  : %cerror%c Error making RPC call 
      background: #c0392b;
      border-radius: 0.5em;
      color: white;
      font-weight: bold;
      padding: 2px 0.5em;
      Error: Cannot invoke "org.knime.core.node.BufferedDataTable.getBufferedTableId()" because "table" is null (source: http://org.knime.ui.java/assets/index-PyhZB-uQ.js; line: 64)
2025-02-07 13:02:35,210 : ERROR : main :  : KnimeBrowserView :  :  : Error: Cannot invoke "org.knime.core.node.BufferedDataTable.getBufferedTableId()" because "table" is null (source: http://org.knime.core.ui.port/uiext/tableview/TableView.js; line: 899)
2025-02-07 13:02:36,890 : WARN  : comm-pool-thread-12 :  : JsonRpcErrorResolver :  :  : An unexpected json rpc error occurred
java.lang.NullPointerException: Cannot invoke "org.knime.core.node.BufferedDataTable.getBufferedTableId()" because "table" is null
	at org.knime.gateway.impl.node.port.TablePortViewFactory.createPortView(TablePortViewFactory.java:89)
	at org.knime.gateway.impl.node.port.TablePortViewFactory.createPortView(TablePortViewFactory.java:1)
	at org.knime.core.webui.node.port.PortViewManager.getPortView(PortViewManager.java:222)
	at org.knime.core.webui.node.port.PortViewManager.lambda$1(PortViewManager.java:89)
	at org.knime.core.webui.node.DataServiceManager.lambda$8(DataServiceManager.java:203)
	at org.knime.core.webui.node.NodePortWrapper$1.getWithContext(NodePortWrapper.java:119)
	at org.knime.core.webui.node.DataServiceManager.getOrCreateDataService(DataServiceManager.java:203)
	at org.knime.core.webui.node.DataServiceManager.getRpcDataService(DataServiceManager.java:169)
	at org.knime.core.webui.node.DataServiceManager.callRpcDataService(DataServiceManager.java:160)
	at org.knime.gateway.impl.webui.service.DefaultPortService.callPortDataService(DefaultPortService.java:156)
	at org.knime.gateway.impl.webui.jsonrpc.service.JsonRpcPortServiceWrapper.callPortDataService(JsonRpcPortServiceWrapper.java:85)
	at java.base/jdk.internal.reflect.NativeMethodAccessorImpl.invoke0(Native Method)
	at java.base/jdk.internal.reflect.NativeMethodAccessorImpl.invoke(Unknown Source)
	at java.base/jdk.internal.reflect.DelegatingMethodAccessorImpl.invoke(Unknown Source)
	at java.base/java.lang.reflect.Method.invoke(Unknown Source)
	at com.googlecode.jsonrpc4j.JsonRpcBasicServer.invoke(JsonRpcBasicServer.java:478)
	at com.googlecode.jsonrpc4j.JsonRpcBasicServer.handleObject(JsonRpcBasicServer.java:349)
	at com.googlecode.jsonrpc4j.JsonRpcBasicServer.handleJsonNodeRequest(JsonRpcBasicServer.java:274)
	at com.googlecode.jsonrpc4j.JsonRpcBasicServer.handleRequest(JsonRpcBasicServer.java:242)
	at org.knime.gateway.impl.jsonrpc.JsonRpcRequestHandler.handle(JsonRpcRequestHandler.java:104)
	at org.knime.ui.java.browser.lifecycle.Init.lambda$11(Init.java:296)
	at com.equo.comm.common.MessageHandler.processReceivedEventMessage(MessageHandler.java:131)
	at com.equo.comm.ee.provider.service.ChromiumService.receiveMessage(ChromiumService.java:98)
	at com.equo.comm.ee.provider.CommunicationManagerChromiumImpl.receiveMessage(CommunicationManagerChromiumImpl.java:48)
	at com.equo.chromium.swt.internal.spi.CommRouterHandler.handleRequest(CommRouterHandler.java:33)
	at com.equo.chromium.swt.internal.spi.CommRouterHandler.lambda$1(CommRouterHandler.java:51)
	at java.base/java.util.concurrent.ThreadPoolExecutor.runWorker(Unknown Source)
	at java.base/java.util.concurrent.ThreadPoolExecutor$Worker.run(Unknown Source)
	at java.base/java.lang.Thread.run(Unknown Source)
2025-02-07 13:02:36,894 : ERROR : main :  : KnimeBrowserView :  :  : %cerror%c Error making RPC call 
      background: #c0392b;
      border-radius: 0.5em;
      color: white;
      font-weight: bold;
      padding: 2px 0.5em;
      Error: Cannot invoke "org.knime.core.node.BufferedDataTable.getBufferedTableId()" because "table" is null (source: http://org.knime.ui.java/assets/index-PyhZB-uQ.js; line: 64)
2025-02-07 13:02:36,895 : ERROR : main :  : KnimeBrowserView :  :  : Error: Cannot invoke "org.knime.core.node.BufferedDataTable.getBufferedTableId()" because "table" is null (source: http://org.knime.core.ui.port/uiext/tableview/TableView.js; line: 899)
2025-02-07 13:02:43,414 : WARN  : KNIME-Worker-19-X-Aggregator 5:8 :  : Node : Scorer : 5:9 : No columns selected yet.
2025-02-07 13:03:04,963 : WARN  : KNIME-Worker-25-Scorer 5:9 :  : Node : Scorer : 5:9 : There were missing values in the reference or in the prediction class columns.
2025-02-07 13:04:25,567 : ERROR : main :  : KnimeBrowserView :  :  : %cerror%c Error making RPC call 
      background: #c0392b;
      border-radius: 0.5em;
      color: white;
      font-weight: bold;
      padding: 2px 0.5em;
      Error: No such node ID: 8:10 valid [8:1, 8:2, 8:3, 8:4, 8:5, 8:6, 8:7, 8:8, 8:9, 8:11] (source: http://org.knime.ui.java/assets/index-PyhZB-uQ.js; line: 64)
2025-02-07 13:04:25,569 : ERROR : main :  : KnimeBrowserView :  :  : Uncaught (in promise) Error: No such node ID: 8:10 valid [8:1, 8:2, 8:3, 8:4, 8:5, 8:6, 8:7, 8:8, 8:9, 8:11] (source: http://org.knime.ui.java/assets/index-PyhZB-uQ.js; line: 22)
